#
# There is insufficient memory for the Java Runtime Environment to continue.
# Native memory allocation (mmap) failed to map 134217728 bytes for G1 virtual space
# Possible reasons:
#   The system is out of physical RAM or swap space
#   The process is running with CompressedOops enabled, and the Java Heap may be blocking the growth of the native heap
# Possible solutions:
#   Reduce memory load on the system
#   Increase physical memory or swap space
#   Check if swap backing store is full
#   Decrease Java heap size (-Xmx/-Xms)
#   Decrease number of Java threads
#   Decrease Java thread stack sizes (-Xss)
#   Set larger code cache with -XX:ReservedCodeCacheSize=
#   JVM is running with Unscaled Compressed Oops mode in which the Java heap is
#     placed in the first 4GB address space. The Java Heap base address is the
#     maximum limit for the native heap growth. Please use -XX:HeapBaseMinAddress
#     to set the Java Heap base and to place the Java Heap above 4GB virtual address.
# This output file may be truncated or incomplete.
#
#  Out of Memory Error (os_windows.cpp:3466), pid=15220, tid=5060
#
# JRE version:  (16.0.2+7) (build )
# Java VM: OpenJDK 64-Bit Server VM (16.0.2+7-67, mixed mode, sharing, tiered, compressed oops, compressed class ptrs, g1 gc, windows-amd64)
# No core dump will be written. Minidumps are not enabled by default on client versions of Windows
#

---------------  S U M M A R Y ------------

Command Line: -ea -Dfile.encoding=Cp1252 -XX:+ShowCodeDetailsInExceptionMessages org.eclipse.jdt.internal.junit.runner.RemoteTestRunner -version 3 -port 58894 -testLoaderClass org.eclipse.jdt.internal.junit5.runner.JUnit5TestLoader -loaderpluginname org.eclipse.jdt.junit5.runtime -classNames com.PizzaAPI.Service.IngredientsServiceTest

Host: Intel(R) Core(TM) i7-6500U CPU @ 2.50GHz, 4 cores, 7G,  Windows 10 , 64 bit Build 19041 (10.0.19041.1151)
Time: Wed Oct 27 18:19:25 2021 SA Western Standard Time elapsed time: 0.080639 seconds (0d 0h 0m 0s)

---------------  T H R E A D  ---------------

Current thread (0x00000223b45c1f90):  JavaThread "Unknown thread" [_thread_in_vm, id=5060, stack(0x0000009312300000,0x0000009312400000)]

Stack: [0x0000009312300000,0x0000009312400000]
Native frames: (J=compiled Java code, j=interpreted, Vv=VM code, C=native code)
V  [jvm.dll+0x6681ca]
V  [jvm.dll+0x7c9e69]
V  [jvm.dll+0x7cb61e]
V  [jvm.dll+0x7cbc73]
V  [jvm.dll+0x242c55]
V  [jvm.dll+0x664f89]
V  [jvm.dll+0x659b75]
V  [jvm.dll+0x2fbfbb]
V  [jvm.dll+0x3031b6]
V  [jvm.dll+0x35299e]
V  [jvm.dll+0x352bcf]
V  [jvm.dll+0x2d3028]
V  [jvm.dll+0x2d4264]
V  [jvm.dll+0x79c741]
V  [jvm.dll+0x360791]
V  [jvm.dll+0x77a3f0]
V  [jvm.dll+0x3e4e8f]
V  [jvm.dll+0x3e6961]
C  [jli.dll+0x52fb]
C  [ucrtbase.dll+0x21bb2]
C  [KERNEL32.DLL+0x17034]
C  [ntdll.dll+0x52651]


---------------  P R O C E S S  ---------------

Threads class SMR info:
_java_thread_list=0x00007ffdb5a7cbb8, length=0, elements={
}

Java Threads: ( => current thread )

Other Threads:
  0x00000223b4603420 GCTaskThread "GC Thread#0" [stack: 0x0000009312400000,0x0000009312500000] [id=16200]
  0x00000223b4615140 ConcurrentGCThread "G1 Main Marker" [stack: 0x0000009312500000,0x0000009312600000] [id=2624]
  0x00000223b4615b40 ConcurrentGCThread "G1 Conc#0" [stack: 0x0000009312600000,0x0000009312700000] [id=13844]

[error occurred during error reporting (printing all threads), id 0xc0000005, EXCEPTION_ACCESS_VIOLATION (0xc0000005) at pc=0x00007ffdb5253ee7]

VM state: not at safepoint (not fully initialized)

VM Mutex/Monitor currently owned by a thread:  ([mutex/lock_event])
[0x00000223b45be620] Heap_lock - owner thread: 0x00000223b45c1f90

Heap address: 0x0000000081a00000, size: 2022 MB, Compressed Oops mode: 32-bit

CDS archive(s) mapped at: [0x0000000000000000-0x0000000000000000-0x0000000000000000), size 0, SharedBaseAddress: 0x0000000800000000, ArchiveRelocationMode: 0.
Narrow klass base: 0x0000000000000000, Narrow klass shift: 0, Narrow klass range: 0x0

GC Precious Log:
<Empty>

Heap:
 garbage-first heap   total 0K, used 0K [0x0000000081a00000, 0x0000000100000000)
  region size 1024K, 0 young (0K), 0 survivors (0K)

[error occurred during error reporting (printing heap information), id 0xc0000005, EXCEPTION_ACCESS_VIOLATION (0xc0000005) at pc=0x00007ffdb5631eed]

GC Heap History (0 events):
No events

Deoptimization events (0 events):
No events

Classes unloaded (0 events):
No events

Classes redefined (0 events):
No events

Internal exceptions (0 events):
No events

Events (1 events):
Event: 0.027 Loaded shared library C:\Users\glbj0\Downloads\sts-4.12.0.RELEASE\plugins\org.eclipse.justj.openjdk.hotspot.jre.full.win32.x86_64_16.0.2.v20210721-1149\jre\bin\java.dll


Dynamic libraries:
0x00007ff7c1f00000 - 0x00007ff7c1f0e000 	C:\Users\glbj0\Downloads\sts-4.12.0.RELEASE\plugins\org.eclipse.justj.openjdk.hotspot.jre.full.win32.x86_64_16.0.2.v20210721-1149\jre\bin\javaw.exe
0x00007ffe11e70000 - 0x00007ffe12065000 	C:\WINDOWS\SYSTEM32\ntdll.dll
0x00007ffe102f0000 - 0x00007ffe103ad000 	C:\WINDOWS\System32\KERNEL32.DLL
0x00007ffe0f7b0000 - 0x00007ffe0fa79000 	C:\WINDOWS\System32\KERNELBASE.dll
0x00007ffe0fb80000 - 0x00007ffe0fc80000 	C:\WINDOWS\System32\ucrtbase.dll
0x00007ffdf4a80000 - 0x00007ffdf4a98000 	C:\Users\glbj0\Downloads\sts-4.12.0.RELEASE\plugins\org.eclipse.justj.openjdk.hotspot.jre.full.win32.x86_64_16.0.2.v20210721-1149\jre\bin\jli.dll
0x00007ffe10720000 - 0x00007ffe108c0000 	C:\WINDOWS\System32\USER32.dll
0x00007ffe0fa80000 - 0x00007ffe0faa2000 	C:\WINDOWS\System32\win32u.dll
0x00007ffe10070000 - 0x00007ffe1009a000 	C:\WINDOWS\System32\GDI32.dll
0x00007ffe0fd60000 - 0x00007ffe0fe6b000 	C:\WINDOWS\System32\gdi32full.dll
0x00007ffe0fae0000 - 0x00007ffe0fb7d000 	C:\WINDOWS\System32\msvcp_win.dll
0x00007ffdf3480000 - 0x00007ffdf3499000 	C:\Users\glbj0\Downloads\sts-4.12.0.RELEASE\plugins\org.eclipse.justj.openjdk.hotspot.jre.full.win32.x86_64_16.0.2.v20210721-1149\jre\bin\VCRUNTIME140.dll
0x00007ffe01760000 - 0x00007ffe019fa000 	C:\WINDOWS\WinSxS\amd64_microsoft.windows.common-controls_6595b64144ccf1df_6.0.19041.1110_none_60b5254171f9507e\COMCTL32.dll
0x00007ffe11450000 - 0x00007ffe114ee000 	C:\WINDOWS\System32\msvcrt.dll
0x00007ffe0fed0000 - 0x00007ffe0ff00000 	C:\WINDOWS\System32\IMM32.DLL
0x00007ffe00ae0000 - 0x00007ffe00aec000 	C:\Users\glbj0\Downloads\sts-4.12.0.RELEASE\plugins\org.eclipse.justj.openjdk.hotspot.jre.full.win32.x86_64_16.0.2.v20210721-1149\jre\bin\vcruntime140_1.dll
0x00007ffdf21f0000 - 0x00007ffdf2281000 	C:\Users\glbj0\Downloads\sts-4.12.0.RELEASE\plugins\org.eclipse.justj.openjdk.hotspot.jre.full.win32.x86_64_16.0.2.v20210721-1149\jre\bin\msvcp140.dll
0x00007ffdb4f70000 - 0x00007ffdb5b1b000 	C:\Users\glbj0\Downloads\sts-4.12.0.RELEASE\plugins\org.eclipse.justj.openjdk.hotspot.jre.full.win32.x86_64_16.0.2.v20210721-1149\jre\bin\server\jvm.dll
0x00007ffe11600000 - 0x00007ffe116ac000 	C:\WINDOWS\System32\ADVAPI32.dll
0x00007ffe11280000 - 0x00007ffe1131b000 	C:\WINDOWS\System32\sechost.dll
0x00007ffe11320000 - 0x00007ffe1144a000 	C:\WINDOWS\System32\RPCRT4.dll
0x00007ffe11e00000 - 0x00007ffe11e08000 	C:\WINDOWS\System32\PSAPI.DLL
0x00007ffdf7bc0000 - 0x00007ffdf7bc9000 	C:\WINDOWS\SYSTEM32\WSOCK32.dll
0x00007ffdff6c0000 - 0x00007ffdff6e7000 	C:\WINDOWS\SYSTEM32\WINMM.dll
0x00007ffe106b0000 - 0x00007ffe1071b000 	C:\WINDOWS\System32\WS2_32.dll
0x00007ffe085e0000 - 0x00007ffe085ea000 	C:\WINDOWS\SYSTEM32\VERSION.dll
0x00007ffe0d3a0000 - 0x00007ffe0d3b2000 	C:\WINDOWS\SYSTEM32\kernel.appcore.dll
0x00007ffe0c1e0000 - 0x00007ffe0c1ea000 	C:\Users\glbj0\Downloads\sts-4.12.0.RELEASE\plugins\org.eclipse.justj.openjdk.hotspot.jre.full.win32.x86_64_16.0.2.v20210721-1149\jre\bin\jimage.dll
0x00007ffdfb4d0000 - 0x00007ffdfb6b4000 	C:\WINDOWS\SYSTEM32\DBGHELP.DLL
0x00007ffdfb4a0000 - 0x00007ffdfb4cc000 	C:\WINDOWS\SYSTEM32\dbgcore.DLL
0x00007ffe0fcd0000 - 0x00007ffe0fd53000 	C:\WINDOWS\System32\bcryptPrimitives.dll
0x00007ffe0b820000 - 0x00007ffe0b845000 	C:\Users\glbj0\Downloads\sts-4.12.0.RELEASE\plugins\org.eclipse.justj.openjdk.hotspot.jre.full.win32.x86_64_16.0.2.v20210721-1149\jre\bin\java.dll

dbghelp: loaded successfully - version: 4.0.5 - missing functions: none
symbol engine: initialized successfully - sym options: 0x614 - pdb path: .;C:\Users\glbj0\Downloads\sts-4.12.0.RELEASE\plugins\org.eclipse.justj.openjdk.hotspot.jre.full.win32.x86_64_16.0.2.v20210721-1149\jre\bin;C:\WINDOWS\SYSTEM32;C:\WINDOWS\WinSxS\amd64_microsoft.windows.common-controls_6595b64144ccf1df_6.0.19041.1110_none_60b5254171f9507e;C:\Users\glbj0\Downloads\sts-4.12.0.RELEASE\plugins\org.eclipse.justj.openjdk.hotspot.jre.full.win32.x86_64_16.0.2.v20210721-1149\jre\bin\server

VM Arguments:
jvm_args: -ea -Dfile.encoding=Cp1252 -XX:+ShowCodeDetailsInExceptionMessages 
java_command: org.eclipse.jdt.internal.junit.runner.RemoteTestRunner -version 3 -port 58894 -testLoaderClass org.eclipse.jdt.internal.junit5.runner.JUnit5TestLoader -loaderpluginname org.eclipse.jdt.junit5.runtime -classNames com.PizzaAPI.Service.IngredientsServiceTest
java_class_path (initial): C:\Users\glbj0\OneDrive\Desktop\PizzaAPI\bin\main;C:\Users\glbj0\OneDrive\Desktop\PizzaAPI\bin\test;\PizzaAPI\bin\default;C:\Users\glbj0\.gradle\caches\modules-2\files-2.1\com.google.firebase\firebase-admin\8.1.0\59a89fa404b2575d8f85187e07c0675aa55ee7a1\firebase-admin-8.1.0.jar;C:\Users\glbj0\.gradle\caches\modules-2\files-2.1\org.springframework.boot\spring-boot-starter-mustache\2.5.5\f782b63c50a6ef6101b8c70abeacbafca6e53594\spring-boot-starter-mustache-2.5.5.jar;C:\Users\glbj0\.gradle\caches\modules-2\files-2.1\org.springframework.boot\spring-boot-starter-web\2.5.5\c09bf133d22c865d6ce4d67ff48aece7ff1defb1\spring-boot-starter-web-2.5.5.jar;C:\Users\glbj0\.gradle\caches\modules-2\files-2.1\com.google.api-client\google-api-client-gson\1.32.1\bcd14452a94d85d584864c72b4be2c2229acd14\google-api-client-gson-1.32.1.jar;C:\Users\glbj0\.gradle\caches\modules-2\files-2.1\com.google.cloud\google-cloud-storage\1.118.0\d527fb1b34ec8771849205e63dff1bdb0167685e\google-cloud-storage-1.118.0.jar;C:\Users\glbj0\.gradle\caches\modules-2\files-2.1\com.google.api-client\google-api-client\1.32.1\3e216f54e59e3c6f01bc52beeeed9010724e0edf\google-api-client-1.32.1.jar;C:\Users\glbj0\.gradle\caches\modules-2\files-2.1\com.google.cloud\google-cloud-firestore\2.6.1\fea3ad6874eb21a0cec7e7b27d5608fbcbce2f03\google-cloud-firestore-2.6.1.jar;C:\Users\glbj0\.gradle\caches\modules-2\files-2.1\com.google.auth\google-auth-library-oauth2-http\0.26.0\ea3e6869046df1e99abbf89b3417aac12f596743\google-auth-library-oauth2-http-0.26.0.jar;C:\Users\glbj0\.gradle\caches\modules-2\files-2.1\com.google.oauth-client\google-oauth-client\1.31.5\a468e6b6d3d7de8310c3c9f4eb7cbb4eabde4404\google-oauth-client-1.31.5.jar;C:\Users\glbj0\.gradle\caches\modules-2\files-2.1\com.google.http-client\google-http-client-gson\1.39.2\43c1d0500c31ee31ff5918ac4bbe95711cd744a9\google-http-client-gson-1.39.2.jar;C:\Users\glbj0\.gradle\caches\modules-2\files-2.1\com.google.http-client\google-http-client-apach
Launcher Type: SUN_STANDARD

[Global flags]
     intx CICompilerCount                          = 3                                         {product} {ergonomic}
     uint ConcGCThreads                            = 1                                         {product} {ergonomic}
     uint G1ConcRefinementThreads                  = 4                                         {product} {ergonomic}
   size_t G1HeapRegionSize                         = 1048576                                   {product} {ergonomic}
    uintx GCDrainStackTargetSize                   = 64                                        {product} {ergonomic}
   size_t InitialHeapSize                          = 134217728                                 {product} {ergonomic}
   size_t MarkStackSize                            = 4194304                                   {product} {ergonomic}
   size_t MaxHeapSize                              = 2120220672                                {product} {ergonomic}
   size_t MinHeapDeltaBytes                        = 1048576                                   {product} {ergonomic}
   size_t MinHeapSize                              = 8388608                                   {product} {ergonomic}
    uintx NonNMethodCodeHeapSize                   = 5832780                                {pd product} {ergonomic}
    uintx NonProfiledCodeHeapSize                  = 122912730                              {pd product} {ergonomic}
    uintx ProfiledCodeHeapSize                     = 122912730                              {pd product} {ergonomic}
    uintx ReservedCodeCacheSize                    = 251658240                              {pd product} {ergonomic}
     bool SegmentedCodeCache                       = true                                      {product} {ergonomic}
     bool ShowCodeDetailsInExceptionMessages       = true                                   {manageable} {command line}
   size_t SoftMaxHeapSize                          = 2120220672                             {manageable} {ergonomic}
     bool UseCompressedClassPointers               = true                           {product lp64_product} {ergonomic}
     bool UseCompressedOops                        = true                           {product lp64_product} {ergonomic}
     bool UseG1GC                                  = true                                      {product} {ergonomic}
     bool UseLargePagesIndividualAllocation        = false                                  {pd product} {ergonomic}

Logging:
Log output configuration:
 #0: stdout all=warning uptime,level,tags
 #1: stderr all=off uptime,level,tags

Environment Variables:
JAVA_HOME=C:\Program Files\Java\jdk-16.0.1
PATH=C:/Users/glbj0/Downloads/sts-4.12.0.RELEASE//plugins/org.eclipse.justj.openjdk.hotspot.jre.full.win32.x86_64_16.0.2.v20210721-1149/jre/bin/server;C:/Users/glbj0/Downloads/sts-4.12.0.RELEASE//plugins/org.eclipse.justj.openjdk.hotspot.jre.full.win32.x86_64_16.0.2.v20210721-1149/jre/bin;C:\Python39\Scripts\;C:\Python39\;C:\Program Files\Common Files\Oracle\Java\javapath;C:\Program Files (x86)\Common Files\Oracle\Java\javapath;C:\Program Files (x86)\Intel\iCLS Client\;C:\Program Files\Intel\iCLS Client\;C:\WINDOWS\system32;C:\WINDOWS;C:\WINDOWS\System32\Wbem;C:\WINDOWS\System32\WindowsPowerShell\v1.0\;c:\Program Files (x86)\ATI Technologies\ATI.ACE\Core-Static;C:\Program Files (x86)\Intel\Intel(R) Management Engine Components\DAL;C:\Program Files\Intel\Intel(R) Management Engine Components\DAL;C:\Program Files (x86)\Intel\Intel(R) Management Engine Components\IPT;C:\Program Files\Intel\Intel(R) Management Engine Components\IPT;C:\Program Files\Intel\WiFi\bin\;C:\Program Files\Common Files\Intel\WirelessCommon\;C:\WINDOWS\System32\OpenSSH\;C:\Program Files\Git\cmd;C:\Program Files\nodejs\;C:\ProgramData\chocolatey\bin;C:\Users\glbj0\AppData\Local\Microsoft\WindowsApps;;C:\Users\glbj0\AppData\Local\Programs\Microsoft VS Code\bin;C:\Users\glbj0\AppData\Roaming\npm;C:\Users\glbj0\Downloads\sts-4.12.0.RELEASE;
USERNAME=glbj0
OS=Windows_NT
PROCESSOR_IDENTIFIER=Intel64 Family 6 Model 78 Stepping 3, GenuineIntel



---------------  S Y S T E M  ---------------

OS:
 Windows 10 , 64 bit Build 19041 (10.0.19041.1151)
OS uptime: 20 days 4:17 hours

CPU: total 4 (initial active 4) (2 cores per cpu, 2 threads per core) family 6 model 78 stepping 3 microcode 0xcc, cx8, cmov, fxsr, ht, mmx, 3dnowpref, sse, sse2, sse3, ssse3, sse4.1, sse4.2, popcnt, lzcnt, tsc, tscinvbit, avx, avx2, aes, erms, clmul, bmi1, bmi2, adx, fma, vzeroupper, clflush, clflushopt

Memory: 4k page, system-wide physical 8083M (1123M free)
TotalPageFile size 10583M (AvailPageFile size 116M)
current process WorkingSet (physical memory assigned to process): 10M, peak: 10M
current process commit charge ("private bytes"): 51M, peak: 179M

vm_info: OpenJDK 64-Bit Server VM (16.0.2+7-67) for windows-amd64 JRE (16.0.2+7-67), built on Jun  8 2021 23:21:43 by "mach5one" with MS VC++ 16.7 (VS2019)

END.
